<?xml version="1.0" encoding="UTF-8"?>
<!-- Generated by org.testng.reporters.JUnitReportReporter -->
<testsuite hostname="senthils-MacBook-Pro-2.local" failures="0" tests="6" name="nativeapp.Nativetest" time="9.024" errors="0" timestamp="09 Jun 2021 03:40:31 GMT" skipped="5">
  <testcase classname="nativeapp.Nativetest" name="testcase6" time="9.024"/>
  <testcase classname="nativeapp.Nativetest" name="testcase3">
    <skipped/>
  </testcase> <!-- testcase3 -->
  <testcase classname="nativeapp.Nativetest" name="testcase2">
    <skipped/>
  </testcase> <!-- testcase2 -->
  <testcase classname="nativeapp.Nativetest" name="testcase5">
    <skipped/>
  </testcase> <!-- testcase5 -->
  <testcase classname="nativeapp.Nativetest" name="testcase4">
    <skipped/>
  </testcase> <!-- testcase4 -->
  <testcase classname="nativeapp.Nativetest" name="testcase1">
    <skipped/>
  </testcase> <!-- testcase1 -->
</testsuite> <!-- nativeapp.Nativetest -->
